[debug] [2023-09-22T16:54:00.645Z] ----------------------------------------------------------------------
[debug] [2023-09-22T16:54:00.648Z] Command:       C:\Program Files\nodejs\node.exe C:\Users\nablasol\AppData\Roaming\npm\node_modules\firebase-tools\lib\bin\firebase.js init
[debug] [2023-09-22T16:54:00.649Z] CLI Version:   12.5.4
[debug] [2023-09-22T16:54:00.649Z] Platform:      win32
[debug] [2023-09-22T16:54:00.649Z] Node Version:  v18.18.0
[debug] [2023-09-22T16:54:00.650Z] Time:          Fri Sep 22 2023 22:24:00 GMT+0530 (India Standard Time)
[debug] [2023-09-22T16:54:00.651Z] ----------------------------------------------------------------------
[debug] 
[debug] [2023-09-22T16:54:00.662Z] > command requires scopes: ["email","openid","https://www.googleapis.com/auth/cloudplatformprojects.readonly","https://www.googleapis.com/auth/firebase","https://www.googleapis.com/auth/cloud-platform"]
[debug] [2023-09-22T16:54:00.663Z] > authorizing via signed-in user (hkunder0@gmail.com)
[info] 
     ######## #### ########  ######## ########     ###     ######  ########
     ##        ##  ##     ## ##       ##     ##  ##   ##  ##       ##
     ######    ##  ########  ######   ########  #########  ######  ######
     ##        ##  ##    ##  ##       ##     ## ##     ##       ## ##
     ##       #### ##     ## ######## ########  ##     ##  ######  ########

You're about to initialize a Firebase project in this directory:

  C:\Users\nablasol\Desktop\Next_Apps\blog-2.0

[info] 
=== Project Setup
[info] 
[info] First, let's associate this project directory with a Firebase project.
[info] You can create multiple project aliases by running firebase use --add, 
[info] but for now we'll just set up a default project.
[info] 
[debug] [2023-09-22T16:54:13.836Z] >>> [apiv2][query] GET https://firebase.googleapis.com/v1beta1/projects pageSize=100
[debug] [2023-09-22T16:54:15.790Z] <<< [apiv2][status] GET https://firebase.googleapis.com/v1beta1/projects 200
[debug] [2023-09-22T16:54:15.790Z] <<< [apiv2][body] GET https://firebase.googleapis.com/v1beta1/projects [omitted]
[info] i  Using project next-blog-5a10c (next-blog) 
[info] 
=== Hosting Setup
[info] 
[info] Your public directory is the folder (relative to your project directory) that
[info] will contain Hosting assets to be uploaded with firebase deploy. If you
[info] have a build process for your assets, use your build's output directory.
[info] 
[info] +  Wrote y/404.html 
[debug] [2023-09-22T16:54:36.670Z] >>> [apiv2][query] GET https://www.gstatic.com/firebasejs/releases.json [none]
[debug] [2023-09-22T16:54:38.960Z] <<< [apiv2][status] GET https://www.gstatic.com/firebasejs/releases.json 200
[debug] [2023-09-22T16:54:38.960Z] <<< [apiv2][body] GET https://www.gstatic.com/firebasejs/releases.json {"current":{"version":"10.4.0","browserURL":"https://www.gstatic.com/firebasejs/10.4.0/firebase.js","packageURL":"https://www.gstatic.com/firebasejs/10.4.0/firebase.tgz"},"live":{"version":"10.4","browserURL":"https://www.gstatic.com/firebasejs/live/10.4/firebase.js","packageURL":"https://www.gstatic.com/firebasejs/live/10.4/firebase.tgz"},"components":{"analytics":"https://www.gstatic.com/firebasejs/10.4.0/firebase-analytics.js","app":"https://www.gstatic.com/firebasejs/10.4.0/firebase-app.js","app-check":"https://www.gstatic.com/firebasejs/10.4.0/firebase-app-check.js","auth":"https://www.gstatic.com/firebasejs/10.4.0/firebase-auth.js","auth/cordova":"https://www.gstatic.com/firebasejs/10.4.0/firebase-auth/cordova.js","functions":"https://www.gstatic.com/firebasejs/10.4.0/firebase-functions.js","firestore":"https://www.gstatic.com/firebasejs/10.4.0/firebase-firestore.js","firestore/lite":"https://www.gstatic.com/firebasejs/10.4.0/firebase-firestore/lite.js","installations":"https://www.gstatic.com/firebasejs/10.4.0/firebase-installations.js","storage":"https://www.gstatic.com/firebasejs/10.4.0/firebase-storage.js","performance":"https://www.gstatic.com/firebasejs/10.4.0/firebase-performance.js","remote-config":"https://www.gstatic.com/firebasejs/10.4.0/firebase-remote-config.js","messaging":"https://www.gstatic.com/firebasejs/10.4.0/firebase-messaging.js","messaging/sw":"https://www.gstatic.com/firebasejs/10.4.0/firebase-messaging/sw.js","database":"https://www.gstatic.com/firebasejs/10.4.0/firebase-database.js","firestore.memory":"https://www.gstatic.com/firebasejs/10.4.0/firebase-firestore.memory.js"}}
[info] +  Wrote y/index.html 
[info] 
[info] i  Detected a .git folder at C:\Users\nablasol\Desktop\Next_Apps\blog-2.0 
[info] i  Authorizing with GitHub to upload your service account to a GitHub repository's secrets store. 
[info] 
[info] Visit this URL on this device to log in:
[info] https://github.com/login/oauth/authorize?client_id=89cf50f02ac6aaed3484&state=730590850&redirect_uri=http%3A%2F%2Flocalhost%3A9005&scope=read%3Auser%20repo%20public_repo
[info] 
[info] Waiting for authentication...
[debug] [2023-09-22T16:54:40.589Z] >>> [apiv2][query] POST https://github.com/login/oauth/access_token [none]
[debug] [2023-09-22T16:54:40.590Z] >>> [apiv2][body] POST https://github.com/login/oauth/access_token [stream]
[debug] [2023-09-22T16:54:41.477Z] <<< [apiv2][status] POST https://github.com/login/oauth/access_token 200
[debug] [2023-09-22T16:54:41.477Z] <<< [apiv2][body] POST https://github.com/login/oauth/access_token {"access_token":"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","token_type":"bearer","scope":"read:user,repo"}
[debug] [2023-09-22T16:54:41.488Z] >>> [apiv2][query] GET https://api.github.com/user [none]
[debug] [2023-09-22T16:54:42.605Z] <<< [apiv2][status] GET https://api.github.com/user 200
[debug] [2023-09-22T16:54:42.605Z] <<< [apiv2][body] GET https://api.github.com/user {"login":"HemantKundernbl","id":138687703,"node_id":"U_kgDOCEQ01w","avatar_url":"https://avatars.githubusercontent.com/u/138687703?v=4","gravatar_id":"","url":"https://api.github.com/users/HemantKundernbl","html_url":"https://github.com/HemantKundernbl","followers_url":"https://api.github.com/users/HemantKundernbl/followers","following_url":"https://api.github.com/users/HemantKundernbl/following{/other_user}","gists_url":"https://api.github.com/users/HemantKundernbl/gists{/gist_id}","starred_url":"https://api.github.com/users/HemantKundernbl/starred{/owner}{/repo}","subscriptions_url":"https://api.github.com/users/HemantKundernbl/subscriptions","organizations_url":"https://api.github.com/users/HemantKundernbl/orgs","repos_url":"https://api.github.com/users/HemantKundernbl/repos","events_url":"https://api.github.com/users/HemantKundernbl/events{/privacy}","received_events_url":"https://api.github.com/users/HemantKundernbl/received_events","type":"User","site_admin":false,"name":null,"company":null,"blog":"","location":null,"email":null,"hireable":null,"bio":null,"twitter_username":null,"public_repos":3,"public_gists":0,"followers":0,"following":0,"created_at":"2023-07-05T13:33:28Z","updated_at":"2023-07-06T05:33:40Z","private_gists":0,"total_private_repos":0,"owned_private_repos":0,"disk_usage":808,"collaborators":0,"two_factor_authentication":false,"plan":{"name":"free","space":976562499,"collaborators":0,"private_repos":10000}}
[info] 
[info] +  Success! Logged into GitHub as HemantKundernbl 
[info] 
[debug] [2023-09-22T16:55:18.864Z] >>> [apiv2][query] GET https://api.github.com/repos/Hemantkunder2422/next-blog/actions/secrets/public-key type=owner
[debug] [2023-09-22T16:55:19.935Z] <<< [apiv2][status] GET https://api.github.com/repos/Hemantkunder2422/next-blog/actions/secrets/public-key 403
[debug] [2023-09-22T16:55:19.935Z] <<< [apiv2][body] GET https://api.github.com/repos/Hemantkunder2422/next-blog/actions/secrets/public-key {"message":"Must have admin rights to Repository.","documentation_url":"https://docs.github.com/rest/actions/secrets#get-a-repository-public-key"}
[info] 
[info] 
[error] !  The provided authorization cannot be used with this repository. If this repository is in an organization, did you remember to grant access? 
[info] 
[info] i  Action required: Visit this URL to ensure access has been granted to the appropriate organization(s) for the Firebase CLI GitHub OAuth App: 
[info] https://github.com/settings/connections/applications/89cf50f02ac6aaed3484
[info] 
[debug] [2023-09-22T16:55:23.010Z] >>> [apiv2][query] GET https://api.github.com/repos/Hemantkunder2422/next-blog/actions/secrets/public-key type=owner
[debug] [2023-09-22T16:55:23.841Z] <<< [apiv2][status] GET https://api.github.com/repos/Hemantkunder2422/next-blog/actions/secrets/public-key 403
[debug] [2023-09-22T16:55:23.841Z] <<< [apiv2][body] GET https://api.github.com/repos/Hemantkunder2422/next-blog/actions/secrets/public-key {"message":"Must have admin rights to Repository.","documentation_url":"https://docs.github.com/rest/actions/secrets#get-a-repository-public-key"}
[info] 
[info] 
[error] !  The provided authorization cannot be used with this repository. If this repository is in an organization, did you remember to grant access? 
[info] 
[info] i  Action required: Visit this URL to ensure access has been granted to the appropriate organization(s) for the Firebase CLI GitHub OAuth App: 
[info] https://github.com/settings/connections/applications/89cf50f02ac6aaed3484
[info] 
[debug] [2023-09-22T16:55:51.408Z] >>> [apiv2][query] GET https://api.github.com/repos/Hemantkunder2422/next-blog/actions/secrets/public-key type=owner
[debug] [2023-09-22T16:55:52.426Z] <<< [apiv2][status] GET https://api.github.com/repos/Hemantkunder2422/next-blog/actions/secrets/public-key 403
[debug] [2023-09-22T16:55:52.426Z] <<< [apiv2][body] GET https://api.github.com/repos/Hemantkunder2422/next-blog/actions/secrets/public-key {"message":"Must have admin rights to Repository.","documentation_url":"https://docs.github.com/rest/actions/secrets#get-a-repository-public-key"}
[info] 
[info] 
[error] !  The provided authorization cannot be used with this repository. If this repository is in an organization, did you remember to grant access? 
[info] 
[info] i  Action required: Visit this URL to ensure access has been granted to the appropriate organization(s) for the Firebase CLI GitHub OAuth App: 
[info] https://github.com/settings/connections/applications/89cf50f02ac6aaed3484
[info] 
[debug] [2023-09-22T16:56:37.484Z] >>> [apiv2][query] GET https://api.github.com/repos/Hemantkunder2422/next-blog/actions/secrets/public-key type=owner
[debug] [2023-09-22T16:56:38.866Z] <<< [apiv2][status] GET https://api.github.com/repos/Hemantkunder2422/next-blog/actions/secrets/public-key 403
[debug] [2023-09-22T16:56:38.867Z] <<< [apiv2][body] GET https://api.github.com/repos/Hemantkunder2422/next-blog/actions/secrets/public-key {"message":"Must have admin rights to Repository.","documentation_url":"https://docs.github.com/rest/actions/secrets#get-a-repository-public-key"}
[info] 
[info] 
[error] !  The provided authorization cannot be used with this repository. If this repository is in an organization, did you remember to grant access? 
[info] 
[info] i  Action required: Visit this URL to ensure access has been granted to the appropriate organization(s) for the Firebase CLI GitHub OAuth App: 
[info] https://github.com/settings/connections/applications/89cf50f02ac6aaed3484
[info] 
